<?xml version="1.0" encoding="UTF-8"?>
<testsuite name="com.fastcampus.unittest.UnittestApplicationTests" tests="1" skipped="0" failures="0" errors="0" timestamp="2024-02-01T02:10:31" hostname="mhhong-M1-MackBoo-Pro.local" time="0.43">
  <properties/>
  <testcase name="contextLoads()" classname="com.fastcampus.unittest.UnittestApplicationTests" time="0.43"/>
  <system-out><![CDATA[11:10:30.673 [Test worker] INFO org.springframework.test.context.support.AnnotationConfigContextLoaderUtils -- Could not detect default configuration classes for test class [com.fastcampus.unittest.UnittestApplicationTests]: UnittestApplicationTests does not declare any static, non-private, non-final, nested classes annotated with @Configuration.
11:10:30.719 [Test worker] INFO org.springframework.boot.test.context.SpringBootTestContextBootstrapper -- Found @SpringBootConfiguration com.fastcampus.unittest.UnitTestApplication for test class com.fastcampus.unittest.UnittestApplicationTests

  .   ____          _            __ _ _
 /\\ / ___'_ __ _ _(_)_ __  __ _ \ \ \ \
( ( )\___ | '_ | '_| | '_ \/ _` | \ \ \ \
 \\/  ___)| |_)| | | | | || (_| |  ) ) ) )
  '  |____| .__|_| |_|_| |_\__, | / / / /
 =========|_|==============|___/=/_/_/_/
 :: Spring Boot ::                (v3.2.2)

2024-02-01T11:10:30.880+09:00  INFO 59367 --- [    Test worker] c.f.unittest.UnittestApplicationTests    : Starting UnittestApplicationTests using Java 17.0.8.1 with PID 59367 (started by mh.hong in /Users/mh.hong/Workspace/kielhong/fastcampus/java-unittest)
2024-02-01T11:10:30.881+09:00  INFO 59367 --- [    Test worker] c.f.unittest.UnittestApplicationTests    : No active profile set, falling back to 1 default profile: "default"
2024-02-01T11:10:31.101+09:00  INFO 59367 --- [    Test worker] c.f.unittest.UnittestApplicationTests    : Started UnittestApplicationTests in 0.329 seconds (process running for 0.827)
]]></system-out>
  <system-err><![CDATA[]]></system-err>
</testsuite>
